2023-10-28 21:49:22,525 - __main__ - INFO - Running command: cdp --profile default ml list-workspaces 
2023-10-28 21:49:25,618 - __main__ - INFO - Running command: cdp --profile default ml describe-workspace --environment-name csrenv --workspace-name csrmlwspace-gpu
2023-10-28 21:49:30,407 - __main__ - INFO - Running command: cdp --profile default ml describe-workspace --environment-name ps-sandbox-aws --workspace-name rhill-demo
2023-10-28 21:49:34,070 - __main__ - INFO - Running command: cdp --profile default ml describe-workspace --environment-name se-sandboxx-aws --workspace-name mlflow_tests
2023-10-28 21:49:34,801 - __main__ - INFO - Running command: cdp --profile default ml describe-workspace --environment-name se-sandboxx-aws --workspace-name csrmlwspace
2023-10-28 21:49:35,543 - __main__ - INFO - Running command: cdp --profile default ml describe-workspace --environment-name se-sandboxx-aws --workspace-name vishr-aws-demo1
2023-10-28 21:49:36,255 - __main__ - INFO - Running command: cdp --profile default ml describe-workspace --environment-name uaedemo-env --workspace-name uaecmldemo
2023-10-28 21:49:47,071 - __main__ - INFO - Running command: cdp --profile default ml describe-workspace --environment-name ps-sandbox-aws --workspace-name cml_test
2023-10-28 21:49:50,735 - __main__ - INFO - Running command: cdp --profile default ml describe-workspace --environment-name ps-sandbox-aws --workspace-name fzsombor-test
2023-10-28 21:49:54,152 - __main__ - INFO - Running command: cdp --profile default ml describe-workspace --environment-name se-sandboxx-aws --workspace-name ktalbert
2023-10-28 21:49:54,844 - __main__ - INFO - Running command: cdp --profile default ml describe-workspace --environment-name se-sandboxx-aws --workspace-name cml-amiranda-demo-ml
2023-10-28 21:49:55,730 - __main__ - INFO - Running command: cdp --profile default ml describe-workspace --environment-name csano-privatenw-poc2 --workspace-name csano-ml2
2023-10-28 21:50:01,315 - __main__ - INFO - Running command: cdp --profile default datalake list-datalakes 
2023-10-28 21:50:02,205 - __main__ - INFO - Running command: cdp --profile default datalake describe-datalake --datalake-name cdp-admn-dl
2023-10-28 21:50:02,981 - __main__ - INFO - Running command: cdp --profile default datalake describe-datalake --datalake-name cdp-admn-euwest1-dl
2023-10-28 21:50:03,712 - __main__ - INFO - Running command: cdp --profile default datalake describe-datalake --datalake-name pm-raz-dl
2023-10-28 21:50:04,486 - __main__ - INFO - Running command: cdp --profile default datalake describe-datalake --datalake-name snaik-cdp-poc-dl
2023-10-28 21:50:05,554 - __main__ - INFO - Running command: cdp --profile default datalake describe-datalake --datalake-name ft-azure-dl
2023-10-28 21:50:06,336 - __main__ - INFO - Running command: cdp --profile default datalake describe-datalake --datalake-name se-aw-dl
2023-10-28 21:50:07,182 - __main__ - INFO - Running command: cdp --profile default datalake describe-datalake --datalake-name alf-cdp-datalake
2023-10-28 21:50:08,669 - __main__ - INFO - Running command: cdp --profile default datalake describe-datalake --datalake-name alf-cdp-demo
2023-10-28 21:50:09,455 - __main__ - INFO - Running command: cdp --profile default datalake describe-datalake --datalake-name se-aws-dl
2023-10-28 21:50:10,252 - __main__ - INFO - Running command: cdp --profile default datalake describe-datalake --datalake-name ft-azure-dl2
2023-10-28 21:50:11,013 - __main__ - INFO - Running command: cdp --profile default datalake describe-datalake --datalake-name vsla-891842-dl
2023-10-28 21:50:12,520 - __main__ - INFO - Running command: cdp --profile default datalake describe-datalake --datalake-name kohli6-cdp-datalake-0809
2023-10-28 21:50:13,357 - __main__ - INFO - Running command: cdp --profile default datalake describe-datalake --datalake-name kohli6-datalake-0809
2023-10-28 21:50:14,136 - __main__ - INFO - Running command: cdp --profile default datalake describe-datalake --datalake-name harshitdatalakeone
2023-10-28 21:50:14,920 - __main__ - INFO - Running command: cdp --profile default datalake describe-datalake --datalake-name geo-914610-cdp-dl
2023-10-28 21:50:15,846 - __main__ - INFO - Running command: cdp --profile default datalake describe-datalake --datalake-name pwc-env-dl
2023-10-28 21:50:17,774 - __main__ - INFO - Running command: cdp --profile default datalake describe-datalake --datalake-name uaedemo-dl
2023-10-28 21:50:18,792 - __main__ - INFO - Running command: cdp --profile default datalake describe-datalake --datalake-name ps-aw-dl
2023-10-28 21:50:19,647 - __main__ - INFO - Running command: cdp --profile default datalake describe-datalake --datalake-name csano-privatenw-poc2-dl
2023-10-28 21:50:20,653 - __main__ - INFO - Running command: cdp --profile default datalake describe-datalake --datalake-name csrxdatalake
2023-10-28 21:50:21,587 - __main__ - INFO - Running command: cdp --profile default datalake describe-datalake --datalake-name apac-csa-hk-dim-workshop-dl
2023-10-28 21:50:22,548 - __main__ - INFO - Running command: cdp --profile default datalake describe-datalake --datalake-name cs-aws-dl
2023-10-28 21:50:23,429 - __main__ - INFO - Running command: cdp --profile default datalake describe-datalake --datalake-name ho2023jp-1028-datalake
2023-10-28 21:50:24,489 - __main__ - INFO - Running command: cdp --profile default datalake describe-datalake --datalake-name se-aw-mdl
2023-10-28 21:50:25,365 - __main__ - INFO - Running command: cdp --profile default datalake describe-datalake --datalake-name se-az-dl
2023-10-28 21:50:26,500 - __main__ - INFO - Running command: cdp --profile default datalake describe-datalake --datalake-name pm-aw-dl
2023-10-28 21:50:27,498 - __main__ - INFO - Running command: cdp --profile default datalake describe-datalake --datalake-name se-gc-dl
2023-10-28 21:50:28,565 - __main__ - INFO - Running command: cdp --profile default datalake describe-datalake --datalake-name ldgl-cdp-datalake
2023-10-28 21:50:29,434 - __main__ - INFO - Running command: cdp --profile default dw list-clusters 
2023-10-28 21:50:30,664 - __main__ - INFO - Running command: cdp --profile default dw describe-cluster  --cluster-id env-7zgfmz
2023-10-28 21:50:31,755 - __main__ - INFO - Running command: cdp --profile default dw describe-cluster  --cluster-id env-zxm4vs
2023-10-28 21:50:32,855 - __main__ - INFO - Running command: cdp --profile default dw describe-cluster  --cluster-id env-s96nv4
2023-10-28 21:50:33,958 - __main__ - INFO - Running command: cdp --profile default dw describe-cluster  --cluster-id env-59lmmp
2023-10-28 21:50:35,064 - __main__ - INFO - Running command: cdp --profile default dw list-data-visualizations  --cluster-id env-7zgfmz
2023-10-28 21:50:35,735 - __main__ - INFO - Running command: cdp --profile default dw list-data-visualizations  --cluster-id env-zxm4vs
2023-10-28 21:50:36,394 - __main__ - INFO - Running command: cdp --profile default dw list-data-visualizations  --cluster-id env-s96nv4
2023-10-28 21:50:37,159 - __main__ - INFO - Running command: cdp --profile default dw list-data-visualizations  --cluster-id env-59lmmp
2023-10-28 21:50:38,390 - __main__ - INFO - Running command: cdp --profile default dw list-users  --cluster-id env-7zgfmz
2023-10-28 21:50:39,155 - __main__ - INFO - Running command: cdp --profile default dw list-users  --cluster-id env-zxm4vs
2023-10-28 21:50:39,955 - __main__ - INFO - Running command: cdp --profile default dw list-users  --cluster-id env-s96nv4
2023-10-28 21:50:40,720 - __main__ - INFO - Running command: cdp --profile default dw list-users  --cluster-id env-59lmmp
2023-10-28 21:50:42,162 - __main__ - INFO - Running command: cdp --profile default dw list-vws  --cluster-id env-7zgfmz
2023-10-28 21:50:42,880 - __main__ - INFO - Running command: cdp --profile default dw list-vws  --cluster-id env-zxm4vs
2023-10-28 21:50:43,632 - __main__ - INFO - Running command: cdp --profile default dw list-vws  --cluster-id env-s96nv4
2023-10-28 21:50:44,437 - __main__ - INFO - Running command: cdp --profile default dw list-vws  --cluster-id env-59lmmp
2023-10-28 21:50:45,217 - __main__ - INFO - Running command: cdp --profile default replicationmanager list-clusters 
2023-10-28 21:50:46,140 - __main__ - INFO - Running command: cdp --profile default replicationmanager list-policies 
2023-10-28 21:50:47,102 - __main__ - INFO - Running command: cdp --profile default imagecatalog list-custom-catalogs 
2023-10-28 21:50:47,839 - __main__ - INFO - Running command: cdp --profile default iam list-access-keys 
2023-10-28 21:50:49,034 - __main__ - INFO - Running command: cdp --profile default iam list-groups 
2023-10-28 21:50:49,847 - __main__ - INFO - Running command: cdp --profile default iam list-group-assigned-resource-roles --group-name testg
2023-10-28 21:50:50,552 - __main__ - INFO - Running command: cdp --profile default iam list-group-assigned-resource-roles --group-name contractor
2023-10-28 21:50:51,222 - __main__ - INFO - Running command: cdp --profile default iam list-group-assigned-resource-roles --group-name iot-aw-env-admin-group
2023-10-28 21:50:51,930 - __main__ - INFO - Running command: cdp --profile default iam list-group-assigned-resource-roles --group-name jeprv-cdp-user-group
2023-10-28 21:50:52,702 - __main__ - INFO - Running command: cdp --profile default iam list-group-assigned-resource-roles --group-name wmudge-admin-1
2023-10-28 21:50:53,431 - __main__ - INFO - Running command: cdp --profile default iam list-group-assigned-resource-roles --group-name wm01-demo-aws-user
2023-10-28 21:50:54,120 - __main__ - INFO - Running command: cdp --profile default iam list-group-assigned-resource-roles --group-name econet_demo
2023-10-28 21:50:54,823 - __main__ - INFO - Running command: cdp --profile default iam list-group-assigned-resource-roles --group-name audit
2023-10-28 21:50:55,604 - __main__ - INFO - Running command: cdp --profile default iam list-group-assigned-resource-roles --group-name tsugiyama-0923-admin
2023-10-28 21:50:56,306 - __main__ - INFO - Running command: cdp --profile default iam list-group-assigned-resource-roles --group-name vett-dfx-service-account-group
2023-10-28 21:50:56,988 - __main__ - INFO - Running command: cdp --profile default iam list-group-assigned-resource-roles --group-name rtw3-aw-env-admin-group
2023-10-28 21:50:57,668 - __main__ - INFO - Running command: cdp --profile default iam list-group-assigned-resource-roles --group-name tonydavisatl-billing
2023-10-28 21:50:58,371 - __main__ - INFO - Running command: cdp --profile default iam list-group-assigned-resource-roles --group-name hr
2023-10-28 21:50:59,121 - __main__ - INFO - Running command: cdp --profile default iam list-group-assigned-resource-roles --group-name sandbox-default-ps-admin
2023-10-28 21:50:59,790 - __main__ - INFO - Running command: cdp --profile default iam list-group-assigned-resource-roles --group-name tkodf-aw-env-admin-group
2023-10-28 21:51:00,496 - __main__ - INFO - Running command: cdp --profile default iam list-group-assigned-resource-roles --group-name jerz-az-env-user-group
2023-10-28 21:51:01,325 - __main__ - INFO - Running command: cdp --profile default iam list-group-assigned-resource-roles --group-name sandbox-default-se-admin
2023-10-28 21:51:02,001 - __main__ - INFO - Running command: cdp --profile default iam list-group-assigned-resource-roles --group-name tkodf-aw-env-user-group
2023-10-28 21:51:02,700 - __main__ - INFO - Running command: cdp --profile default iam list-group-assigned-resource-roles --group-name se-gc-env-user-group
2023-10-28 21:51:03,472 - __main__ - INFO - Running command: cdp --profile default iam list-group-assigned-resource-roles --group-name steffen-cdp-admin-group
2023-10-28 21:51:04,166 - __main__ - INFO - Running command: cdp --profile default iam list-group-assigned-resource-roles --group-name tsugiyama-admin-group-2
2023-10-28 21:51:04,867 - __main__ - INFO - Running command: cdp --profile default iam list-group-assigned-resource-roles --group-name pqg-tf-cdp-user-group
2023-10-28 21:51:05,655 - __main__ - INFO - Running command: cdp --profile default iam list-group-assigned-resource-roles --group-name finance
2023-10-28 21:51:06,378 - __main__ - INFO - Running command: cdp --profile default iam list-group-assigned-resource-roles --group-name jenright-kc-group
2023-10-28 21:51:07,115 - __main__ - INFO - Running command: cdp --profile default iam list-group-assigned-resource-roles --group-name vshindetestgroup
2023-10-28 21:51:08,475 - __main__ - INFO - Running command: cdp --profile default iam list-group-assigned-resource-roles --group-name bh-eners-admin
2023-10-28 21:51:09,157 - __main__ - INFO - Running command: cdp --profile default iam list-group-assigned-resource-roles --group-name env-zxm4vs
2023-10-28 21:51:09,854 - __main__ - INFO - Running command: cdp --profile default iam list-group-assigned-resource-roles --group-name test_admin
2023-10-28 21:51:10,611 - __main__ - INFO - Running command: cdp --profile default iam list-group-assigned-resource-roles --group-name jsantos-megagroup
2023-10-28 21:51:11,882 - __main__ - INFO - Running command: cdp --profile default iam list-group-assigned-resource-roles --group-name dyu-test-grp
2023-10-28 21:51:12,568 - __main__ - INFO - Running command: cdp --profile default iam list-group-assigned-resource-roles --group-name planckvrind-tf-test-cdp-admin-group
2023-10-28 21:51:13,318 - __main__ - INFO - Running command: cdp --profile default iam list-group-assigned-resource-roles --group-name aak-aw-env-user-group
2023-10-28 21:51:14,016 - __main__ - INFO - Running command: cdp --profile default iam list-group-assigned-resource-roles --group-name sandbox-default-serz-admin
2023-10-28 21:51:14,714 - __main__ - INFO - Running command: cdp --profile default iam list-group-assigned-resource-roles --group-name ah03-demo-aws-user
2023-10-28 21:51:15,451 - __main__ - INFO - Running command: cdp --profile default iam list-group-assigned-resource-roles --group-name latam_brazil
2023-10-28 21:51:16,132 - __main__ - INFO - Running command: cdp --profile default iam list-group-assigned-resource-roles --group-name cdp_demos-aws-prim
2023-10-28 21:51:16,849 - __main__ - INFO - Running command: cdp --profile default iam list-group-assigned-resource-roles --group-name pyn-def-aws-env-user
2023-10-28 21:51:17,647 - __main__ - INFO - Running command: cdp --profile default iam list-group-assigned-resource-roles --group-name cdp-sandbox-group
2023-10-28 21:51:18,365 - __main__ - INFO - Running command: cdp --profile default iam list-group-assigned-resource-roles --group-name ppot-demo-aws-user
2023-10-28 21:51:19,061 - __main__ - INFO - Running command: cdp --profile default iam list-group-assigned-resource-roles --group-name jcaseiro-cdp-user-group
2023-10-28 21:51:19,847 - __main__ - INFO - Running command: cdp --profile default iam list-group-assigned-resource-roles --group-name cdp_sandbox-default-sup-cdp-env
2023-10-28 21:51:20,512 - __main__ - INFO - Running command: cdp --profile default iam list-group-assigned-resource-roles --group-name pm-sandbox-group1
2023-10-28 21:51:21,203 - __main__ - INFO - Running command: cdp --profile default iam list-group-assigned-resource-roles --group-name support
2023-10-28 21:51:21,864 - __main__ - INFO - Running command: cdp --profile default iam list-group-assigned-resource-roles --group-name balazs-aws-pub-cdp-admin-group
2023-10-28 21:51:22,551 - __main__ - INFO - Running command: cdp --profile default iam list-group-assigned-resource-roles --group-name dvergari-test-users
2023-10-28 21:51:23,291 - __main__ - INFO - Running command: cdp --profile default iam list-group-assigned-resource-roles --group-name ome-aw-env-user-group
2023-10-28 21:51:23,999 - __main__ - INFO - Running command: cdp --profile default iam list-group-assigned-resource-roles --group-name env-d8nzzw
2023-10-28 21:51:24,822 - __main__ - INFO - Running command: cdp --profile default iam list-group-assigned-resource-roles --group-name se-dnd-aw-env-user-group
2023-10-28 21:51:25,521 - __main__ - INFO - Running command: cdp --profile default iam list-group-assigned-resource-roles --group-name pmsandboxsudo
2023-10-28 21:51:26,243 - __main__ - INFO - Running command: cdp --profile default iam list-group-assigned-resource-roles --group-name tl01-demo-aws-user
2023-10-28 21:51:27,113 - __main__ - INFO - Running command: cdp --profile default iam list-group-assigned-resource-roles --group-name env-dv8vcp
2023-10-28 21:51:27,817 - __main__ - INFO - Running command: cdp --profile default iam list-group-assigned-resource-roles --group-name hemanth_test
2023-10-28 21:51:28,555 - __main__ - INFO - Running command: cdp --profile default iam list-group-assigned-resource-roles --group-name reva-demo-aws-user
2023-10-28 21:51:29,254 - __main__ - INFO - Running command: cdp --profile default iam list-group-assigned-resource-roles --group-name balazs-aws-pub-cdp-user-group
2023-10-28 21:51:29,942 - __main__ - INFO - Running command: cdp --profile default iam list-group-assigned-resource-roles --group-name tf-v1-cdp-user-group
2023-10-28 21:51:30,640 - __main__ - INFO - Running command: cdp --profile default iam list-group-assigned-resource-roles --group-name ah01-demo-aws-user
2023-10-28 21:51:31,321 - __main__ - INFO - Running command: cdp --profile default iam list-group-assigned-resource-roles --group-name cdp_tko-cdp-env
2023-10-28 21:51:32,035 - __main__ - INFO - Running command: cdp --profile default iam list-group-assigned-resource-roles --group-name gotest_demo-aws-prim
2023-10-28 21:51:32,746 - __main__ - INFO - Running command: cdp --profile default iam list-group-assigned-resource-roles --group-name pp-rc01-aw-env-admin-group
2023-10-28 21:51:33,446 - __main__ - INFO - Running command: cdp --profile default iam list-group-assigned-resource-roles --group-name intern
2023-10-28 21:51:34,220 - __main__ - INFO - Running command: cdp --profile default iam list-group-assigned-resource-roles --group-name ons-cdp-test-cdp-user-group
2023-10-28 21:51:34,930 - __main__ - INFO - Running command: cdp --profile default iam list-group-assigned-resource-roles --group-name hiaa-aw-env-user-group
2023-10-28 21:51:35,602 - __main__ - INFO - Running command: cdp --profile default iam list-group-assigned-resource-roles --group-name jvp-cdp-user-group
2023-10-28 21:51:36,327 - __main__ - INFO - Running command: cdp --profile default iam list-group-assigned-resource-roles --group-name ztd-demo-aws-user
2023-10-28 21:51:37,032 - __main__ - INFO - Running command: cdp --profile default iam list-group-assigned-resource-roles --group-name econet-ksampson-demo
2023-10-28 21:51:37,732 - __main__ - INFO - Running command: cdp --profile default iam list-group-assigned-resource-roles --group-name msam-aw-env-admin-group
2023-10-28 21:51:39,022 - __main__ - INFO - Running command: cdp --profile default iam list-group-assigned-resource-roles --group-name sandbox-default-jeraz-admin
2023-10-28 21:51:39,711 - __main__ - INFO - Running command: cdp --profile default iam list-group-assigned-resource-roles --group-name rj-cdw-hol-access-test
2023-10-28 21:51:40,514 - __main__ - INFO - Running command: cdp --profile default iam list-group-assigned-resource-roles --group-name dvtestdeployment-cdp-user-group
2023-10-28 21:51:41,231 - __main__ - INFO - Running command: cdp --profile default iam list-group-assigned-resource-roles --group-name devgroup
2023-10-28 21:51:42,416 - __main__ - INFO - Running command: cdp --profile default iam list-group-assigned-resource-roles --group-name sesandboxsudo
2023-10-28 21:51:43,120 - __main__ - INFO - Running command: cdp --profile default iam list-group-assigned-resource-roles --group-name cdp_lje-cdp-env
2023-10-28 21:51:43,894 - __main__ - INFO - Running command: cdp --profile default iam list-group-assigned-resource-roles --group-name groupy
2023-10-28 21:51:44,582 - __main__ - INFO - Running command: cdp --profile default iam list-group-assigned-resource-roles --group-name hkworkshopusers
2023-10-28 21:51:45,306 - __main__ - INFO - Running command: cdp --profile default iam list-group-assigned-resource-roles --group-name ps-tf-private-ntp-cdp-user-group
2023-10-28 21:51:46,060 - __main__ - INFO - Running command: cdp --profile default iam list-group-assigned-resource-roles --group-name sandbox-default-rscost-admin
2023-10-28 21:51:46,778 - __main__ - INFO - Running command: cdp --profile default iam list-group-assigned-resource-roles --group-name wm01-user-sandbox-aws
2023-10-28 21:51:47,472 - __main__ - INFO - Running command: cdp --profile default iam list-group-assigned-resource-roles --group-name bhagan-cgsi-civ-sled
2023-10-28 21:51:48,276 - __main__ - INFO - Running command: cdp --profile default iam list-group-assigned-resource-roles --group-name ps-tf-private-ntp-cdp-admin-group
2023-10-28 21:51:48,976 - __main__ - INFO - Running command: cdp --profile default iam list-group-assigned-resource-roles --group-name se-indonesia
2023-10-28 21:51:49,692 - __main__ - INFO - Running command: cdp --profile default iam list-group-assigned-resource-roles --group-name pwc-admins
2023-10-28 21:51:50,464 - __main__ - INFO - Running command: cdp --profile default iam list-group-assigned-resource-roles --group-name etl
2023-10-28 21:51:51,498 - __main__ - INFO - Running command: cdp --profile default iam list-group-assigned-resource-roles --group-name ansh-tf-cdp-user-group
2023-10-28 21:51:52,271 - __main__ - INFO - Running command: cdp --profile default iam list-group-assigned-resource-roles --group-name svaxx-test-group
2023-10-28 21:51:52,995 - __main__ - INFO - Running command: cdp --profile default iam list-group-assigned-resource-roles --group-name steffen-cdp-user-group
2023-10-28 21:51:53,772 - __main__ - INFO - Running command: cdp --profile default iam list-group-assigned-resource-roles --group-name env-59lmmp
2023-10-28 21:51:54,493 - __main__ - INFO - Running command: cdp --profile default iam list-group-assigned-resource-roles --group-name sandbox-default-jetw-admin
2023-10-28 21:51:55,216 - __main__ - INFO - Running command: cdp --profile default iam list-group-assigned-resource-roles --group-name ansh-tf-cdp-admin-group
2023-10-28 21:51:55,928 - __main__ - INFO - Running command: cdp --profile default iam list-group-assigned-resource-roles --group-name ons-jtwd-cdp-user-group
2023-10-28 21:51:56,779 - __main__ - INFO - Running command: cdp --profile default iam list-group-assigned-resource-roles --group-name ons-cdp-cdp-user-group
2023-10-28 21:51:57,502 - __main__ - INFO - Running command: cdp --profile default iam list-group-assigned-resource-roles --group-name otel-aw-env-admin-group
2023-10-28 21:51:58,193 - __main__ - INFO - Running command: cdp --profile default iam list-group-assigned-resource-roles --group-name default-jttf-cdp-admin-group
2023-10-28 21:51:58,901 - __main__ - INFO - Running command: cdp --profile default iam list-group-assigned-resource-roles --group-name pwc-test
2023-10-28 21:51:59,620 - __main__ - INFO - Running command: cdp --profile default iam list-group-assigned-resource-roles --group-name default-jttf-cdp-user-group
2023-10-28 21:52:00,337 - __main__ - INFO - Running command: cdp --profile default iam list-group-assigned-resource-roles --group-name csano-test
2023-10-28 21:52:01,107 - __main__ - INFO - Running command: cdp --profile default iam list-group-assigned-resource-roles --group-name msam-aw-env-user-group
2023-10-28 21:52:01,830 - __main__ - INFO - Running command: cdp --profile default iam list-group-assigned-resource-roles --group-name sandbox-default-goes1-admin
2023-10-28 21:52:02,544 - __main__ - INFO - Running command: cdp --profile default iam list-group-assigned-resource-roles --group-name analyst
2023-10-28 21:52:03,295 - __main__ - INFO - Running command: cdp --profile default iam list-group-assigned-resource-roles --group-name dbt_admin
2023-10-28 21:52:03,995 - __main__ - INFO - Running command: cdp --profile default iam list-group-assigned-resource-roles --group-name pstmag-machine-group
2023-10-28 21:52:04,706 - __main__ - INFO - Running command: cdp --profile default iam list-group-assigned-roles --group-name testg
2023-10-28 21:52:05,467 - __main__ - INFO - Running command: cdp --profile default iam list-group-assigned-roles --group-name contractor
2023-10-28 21:52:06,146 - __main__ - INFO - Running command: cdp --profile default iam list-group-assigned-roles --group-name iot-aw-env-admin-group
2023-10-28 21:52:06,866 - __main__ - INFO - Running command: cdp --profile default iam list-group-assigned-roles --group-name jeprv-cdp-user-group
2023-10-28 21:52:07,661 - __main__ - INFO - Running command: cdp --profile default iam list-group-assigned-roles --group-name wmudge-admin-1
2023-10-28 21:52:09,124 - __main__ - INFO - Running command: cdp --profile default iam list-group-assigned-roles --group-name wm01-demo-aws-user
2023-10-28 21:52:09,930 - __main__ - INFO - Running command: cdp --profile default iam list-group-assigned-roles --group-name econet_demo
2023-10-28 21:52:10,611 - __main__ - INFO - Running command: cdp --profile default iam list-group-assigned-roles --group-name audit
2023-10-28 21:52:11,316 - __main__ - INFO - Running command: cdp --profile default iam list-group-assigned-roles --group-name tsugiyama-0923-admin
2023-10-28 21:52:12,419 - __main__ - INFO - Running command: cdp --profile default iam list-group-assigned-roles --group-name vett-dfx-service-account-group
2023-10-28 21:52:13,112 - __main__ - INFO - Running command: cdp --profile default iam list-group-assigned-roles --group-name rtw3-aw-env-admin-group
2023-10-28 21:52:13,820 - __main__ - INFO - Running command: cdp --profile default iam list-group-assigned-roles --group-name tonydavisatl-billing
2023-10-28 21:52:14,508 - __main__ - INFO - Running command: cdp --profile default iam list-group-assigned-roles --group-name hr
2023-10-28 21:52:15,233 - __main__ - INFO - Running command: cdp --profile default iam list-group-assigned-roles --group-name sandbox-default-ps-admin
2023-10-28 21:52:15,987 - __main__ - INFO - Running command: cdp --profile default iam list-group-assigned-roles --group-name tkodf-aw-env-admin-group
2023-10-28 21:52:16,690 - __main__ - INFO - Running command: cdp --profile default iam list-group-assigned-roles --group-name jerz-az-env-user-group
2023-10-28 21:52:17,471 - __main__ - INFO - Running command: cdp --profile default iam list-group-assigned-roles --group-name sandbox-default-se-admin
2023-10-28 21:52:18,178 - __main__ - INFO - Running command: cdp --profile default iam list-group-assigned-roles --group-name tkodf-aw-env-user-group
2023-10-28 21:52:18,897 - __main__ - INFO - Running command: cdp --profile default iam list-group-assigned-roles --group-name se-gc-env-user-group
2023-10-28 21:52:19,651 - __main__ - INFO - Running command: cdp --profile default iam list-group-assigned-roles --group-name steffen-cdp-admin-group
2023-10-28 21:52:20,356 - __main__ - INFO - Running command: cdp --profile default iam list-group-assigned-roles --group-name tsugiyama-admin-group-2
2023-10-28 21:52:21,088 - __main__ - INFO - Running command: cdp --profile default iam list-group-assigned-roles --group-name pqg-tf-cdp-user-group
2023-10-28 21:52:21,876 - __main__ - INFO - Running command: cdp --profile default iam list-group-assigned-roles --group-name finance
2023-10-28 21:52:22,578 - __main__ - INFO - Running command: cdp --profile default iam list-group-assigned-roles --group-name jenright-kc-group
2023-10-28 21:52:23,359 - __main__ - INFO - Running command: cdp --profile default iam list-group-assigned-roles --group-name vshindetestgroup
2023-10-28 21:52:24,071 - __main__ - INFO - Running command: cdp --profile default iam list-group-assigned-roles --group-name bh-eners-admin
2023-10-28 21:52:24,810 - __main__ - INFO - Running command: cdp --profile default iam list-group-assigned-roles --group-name env-zxm4vs
2023-10-28 21:52:25,500 - __main__ - INFO - Running command: cdp --profile default iam list-group-assigned-roles --group-name test_admin
2023-10-28 21:52:26,326 - __main__ - INFO - Running command: cdp --profile default iam list-group-assigned-roles --group-name jsantos-megagroup
2023-10-28 21:52:27,038 - __main__ - INFO - Running command: cdp --profile default iam list-group-assigned-roles --group-name dyu-test-grp
2023-10-28 21:52:27,767 - __main__ - INFO - Running command: cdp --profile default iam list-group-assigned-roles --group-name planckvrind-tf-test-cdp-admin-group
2023-10-28 21:52:28,490 - __main__ - INFO - Running command: cdp --profile default iam list-group-assigned-roles --group-name aak-aw-env-user-group
2023-10-28 21:52:29,186 - __main__ - INFO - Running command: cdp --profile default iam list-group-assigned-roles --group-name sandbox-default-serz-admin
2023-10-28 21:52:29,956 - __main__ - INFO - Running command: cdp --profile default iam list-group-assigned-roles --group-name ah03-demo-aws-user
2023-10-28 21:52:30,665 - __main__ - INFO - Running command: cdp --profile default iam list-group-assigned-roles --group-name latam_brazil
2023-10-28 21:52:31,360 - __main__ - INFO - Running command: cdp --profile default iam list-group-assigned-roles --group-name cdp_demos-aws-prim
2023-10-28 21:52:32,076 - __main__ - INFO - Running command: cdp --profile default iam list-group-assigned-roles --group-name pyn-def-aws-env-user
2023-10-28 21:52:32,967 - __main__ - INFO - Running command: cdp --profile default iam list-group-assigned-roles --group-name cdp-sandbox-group
2023-10-28 21:52:33,741 - __main__ - INFO - Running command: cdp --profile default iam list-group-assigned-roles --group-name ppot-demo-aws-user
2023-10-28 21:52:34,456 - __main__ - INFO - Running command: cdp --profile default iam list-group-assigned-roles --group-name jcaseiro-cdp-user-group
2023-10-28 21:52:35,180 - __main__ - INFO - Running command: cdp --profile default iam list-group-assigned-roles --group-name cdp_sandbox-default-sup-cdp-env
2023-10-28 21:52:35,922 - __main__ - INFO - Running command: cdp --profile default iam list-group-assigned-roles --group-name pm-sandbox-group1
2023-10-28 21:52:36,636 - __main__ - INFO - Running command: cdp --profile default iam list-group-assigned-roles --group-name support
2023-10-28 21:52:37,342 - __main__ - INFO - Running command: cdp --profile default iam list-group-assigned-roles --group-name balazs-aws-pub-cdp-admin-group
2023-10-28 21:52:38,677 - __main__ - INFO - Running command: cdp --profile default iam list-group-assigned-roles --group-name dvergari-test-users
2023-10-28 21:52:39,398 - __main__ - INFO - Running command: cdp --profile default iam list-group-assigned-roles --group-name ome-aw-env-user-group
2023-10-28 21:52:40,082 - __main__ - INFO - Running command: cdp --profile default iam list-group-assigned-roles --group-name env-d8nzzw
2023-10-28 21:52:40,796 - __main__ - INFO - Running command: cdp --profile default iam list-group-assigned-roles --group-name se-dnd-aw-env-user-group
2023-10-28 21:52:42,138 - __main__ - INFO - Running command: cdp --profile default iam list-group-assigned-roles --group-name pmsandboxsudo
2023-10-28 21:52:42,984 - __main__ - INFO - Running command: cdp --profile default iam list-group-assigned-roles --group-name tl01-demo-aws-user
2023-10-28 21:52:43,741 - __main__ - INFO - Running command: cdp --profile default iam list-group-assigned-roles --group-name env-dv8vcp
2023-10-28 21:52:44,439 - __main__ - INFO - Running command: cdp --profile default iam list-group-assigned-roles --group-name hemanth_test
2023-10-28 21:52:45,137 - __main__ - INFO - Running command: cdp --profile default iam list-group-assigned-roles --group-name reva-demo-aws-user
2023-10-28 21:52:45,871 - __main__ - INFO - Running command: cdp --profile default iam list-group-assigned-roles --group-name balazs-aws-pub-cdp-user-group
2023-10-28 21:52:46,583 - __main__ - INFO - Running command: cdp --profile default iam list-group-assigned-roles --group-name tf-v1-cdp-user-group
2023-10-28 21:52:47,296 - __main__ - INFO - Running command: cdp --profile default iam list-group-assigned-roles --group-name ah01-demo-aws-user
2023-10-28 21:52:48,025 - __main__ - INFO - Running command: cdp --profile default iam list-group-assigned-roles --group-name cdp_tko-cdp-env
2023-10-28 21:52:48,747 - __main__ - INFO - Running command: cdp --profile default iam list-group-assigned-roles --group-name gotest_demo-aws-prim
2023-10-28 21:52:49,423 - __main__ - INFO - Running command: cdp --profile default iam list-group-assigned-roles --group-name pp-rc01-aw-env-admin-group
2023-10-28 21:52:50,115 - __main__ - INFO - Running command: cdp --profile default iam list-group-assigned-roles --group-name intern
2023-10-28 21:52:50,783 - __main__ - INFO - Running command: cdp --profile default iam list-group-assigned-roles --group-name ons-cdp-test-cdp-user-group
2023-10-28 21:52:51,489 - __main__ - INFO - Running command: cdp --profile default iam list-group-assigned-roles --group-name hiaa-aw-env-user-group
2023-10-28 21:52:52,321 - __main__ - INFO - Running command: cdp --profile default iam list-group-assigned-roles --group-name jvp-cdp-user-group
2023-10-28 21:52:53,029 - __main__ - INFO - Running command: cdp --profile default iam list-group-assigned-roles --group-name ztd-demo-aws-user
2023-10-28 21:52:53,773 - __main__ - INFO - Running command: cdp --profile default iam list-group-assigned-roles --group-name econet-ksampson-demo
2023-10-28 21:52:54,626 - __main__ - INFO - Running command: cdp --profile default iam list-group-assigned-roles --group-name msam-aw-env-admin-group
2023-10-28 21:52:55,318 - __main__ - INFO - Running command: cdp --profile default iam list-group-assigned-roles --group-name sandbox-default-jeraz-admin
2023-10-28 21:52:56,031 - __main__ - INFO - Running command: cdp --profile default iam list-group-assigned-roles --group-name rj-cdw-hol-access-test
2023-10-28 21:52:56,754 - __main__ - INFO - Running command: cdp --profile default iam list-group-assigned-roles --group-name dvtestdeployment-cdp-user-group
2023-10-28 21:52:57,472 - __main__ - INFO - Running command: cdp --profile default iam list-group-assigned-roles --group-name devgroup
2023-10-28 21:52:58,172 - __main__ - INFO - Running command: cdp --profile default iam list-group-assigned-roles --group-name sesandboxsudo
2023-10-28 21:52:58,986 - __main__ - INFO - Running command: cdp --profile default iam list-group-assigned-roles --group-name cdp_lje-cdp-env
2023-10-28 21:52:59,680 - __main__ - INFO - Running command: cdp --profile default iam list-group-assigned-roles --group-name groupy
2023-10-28 21:53:00,409 - __main__ - INFO - Running command: cdp --profile default iam list-group-assigned-roles --group-name hkworkshopusers
2023-10-28 21:53:01,116 - __main__ - INFO - Running command: cdp --profile default iam list-group-assigned-roles --group-name ps-tf-private-ntp-cdp-user-group
2023-10-28 21:53:01,826 - __main__ - INFO - Running command: cdp --profile default iam list-group-assigned-roles --group-name sandbox-default-rscost-admin
2023-10-28 21:53:02,546 - __main__ - INFO - Running command: cdp --profile default iam list-group-assigned-roles --group-name wm01-user-sandbox-aws
2023-10-28 21:53:03,356 - __main__ - INFO - Running command: cdp --profile default iam list-group-assigned-roles --group-name bhagan-cgsi-civ-sled
2023-10-28 21:53:04,232 - __main__ - INFO - Running command: cdp --profile default iam list-group-assigned-roles --group-name ps-tf-private-ntp-cdp-admin-group
2023-10-28 21:53:04,943 - __main__ - INFO - Running command: cdp --profile default iam list-group-assigned-roles --group-name se-indonesia
2023-10-28 21:53:05,676 - __main__ - INFO - Running command: cdp --profile default iam list-group-assigned-roles --group-name pwc-admins
2023-10-28 21:53:06,429 - __main__ - INFO - Running command: cdp --profile default iam list-group-assigned-roles --group-name etl
2023-10-28 21:53:07,197 - __main__ - INFO - Running command: cdp --profile default iam list-group-assigned-roles --group-name ansh-tf-cdp-user-group
2023-10-28 21:53:07,908 - __main__ - INFO - Running command: cdp --profile default iam list-group-assigned-roles --group-name svaxx-test-group
2023-10-28 21:53:09,385 - __main__ - INFO - Running command: cdp --profile default iam list-group-assigned-roles --group-name steffen-cdp-user-group
2023-10-28 21:53:10,130 - __main__ - INFO - Running command: cdp --profile default iam list-group-assigned-roles --group-name env-59lmmp
2023-10-28 21:53:10,856 - __main__ - INFO - Running command: cdp --profile default iam list-group-assigned-roles --group-name sandbox-default-jetw-admin
2023-10-28 21:53:12,250 - __main__ - INFO - Running command: cdp --profile default iam list-group-assigned-roles --group-name ansh-tf-cdp-admin-group
2023-10-28 21:53:12,970 - __main__ - INFO - Running command: cdp --profile default iam list-group-assigned-roles --group-name ons-jtwd-cdp-user-group
2023-10-28 21:53:13,681 - __main__ - INFO - Running command: cdp --profile default iam list-group-assigned-roles --group-name ons-cdp-cdp-user-group
2023-10-28 21:53:14,370 - __main__ - INFO - Running command: cdp --profile default iam list-group-assigned-roles --group-name otel-aw-env-admin-group
2023-10-28 21:53:15,168 - __main__ - INFO - Running command: cdp --profile default iam list-group-assigned-roles --group-name default-jttf-cdp-admin-group
2023-10-28 21:53:15,857 - __main__ - INFO - Running command: cdp --profile default iam list-group-assigned-roles --group-name pwc-test
2023-10-28 21:53:16,578 - __main__ - INFO - Running command: cdp --profile default iam list-group-assigned-roles --group-name default-jttf-cdp-user-group
2023-10-28 21:53:17,303 - __main__ - INFO - Running command: cdp --profile default iam list-group-assigned-roles --group-name csano-test
2023-10-28 21:53:18,023 - __main__ - INFO - Running command: cdp --profile default iam list-group-assigned-roles --group-name msam-aw-env-user-group
2023-10-28 21:53:18,729 - __main__ - INFO - Running command: cdp --profile default iam list-group-assigned-roles --group-name sandbox-default-goes1-admin
2023-10-28 21:53:19,519 - __main__ - INFO - Running command: cdp --profile default iam list-group-assigned-roles --group-name analyst
2023-10-28 21:53:20,215 - __main__ - INFO - Running command: cdp --profile default iam list-group-assigned-roles --group-name dbt_admin
2023-10-28 21:53:20,945 - __main__ - INFO - Running command: cdp --profile default iam list-group-assigned-roles --group-name pstmag-machine-group
2023-10-28 21:53:21,684 - __main__ - INFO - Running command: cdp --profile default iam list-group-members --group-name testg
2023-10-28 21:53:22,390 - __main__ - INFO - Running command: cdp --profile default iam list-group-members --group-name contractor
2023-10-28 21:53:23,117 - __main__ - INFO - Running command: cdp --profile default iam list-group-members --group-name iot-aw-env-admin-group
2023-10-28 21:53:23,889 - __main__ - INFO - Running command: cdp --profile default iam list-group-members --group-name jeprv-cdp-user-group
2023-10-28 21:53:24,632 - __main__ - INFO - Running command: cdp --profile default iam list-group-members --group-name wmudge-admin-1
2023-10-28 21:53:25,356 - __main__ - INFO - Running command: cdp --profile default iam list-group-members --group-name wm01-demo-aws-user
2023-10-28 21:53:26,118 - __main__ - INFO - Running command: cdp --profile default iam list-group-members --group-name econet_demo
2023-10-28 21:53:26,814 - __main__ - INFO - Running command: cdp --profile default iam list-group-members --group-name audit
2023-10-28 21:53:27,533 - __main__ - INFO - Running command: cdp --profile default iam list-group-members --group-name tsugiyama-0923-admin
2023-10-28 21:53:28,260 - __main__ - INFO - Running command: cdp --profile default iam list-group-members --group-name vett-dfx-service-account-group
2023-10-28 21:53:28,976 - __main__ - INFO - Running command: cdp --profile default iam list-group-members --group-name rtw3-aw-env-admin-group
2023-10-28 21:53:29,691 - __main__ - INFO - Running command: cdp --profile default iam list-group-members --group-name tonydavisatl-billing
2023-10-28 21:53:30,501 - __main__ - INFO - Running command: cdp --profile default iam list-group-members --group-name hr
2023-10-28 21:53:31,228 - __main__ - INFO - Running command: cdp --profile default iam list-group-members --group-name sandbox-default-ps-admin
2023-10-28 21:53:31,961 - __main__ - INFO - Running command: cdp --profile default iam list-group-members --group-name tkodf-aw-env-admin-group
2023-10-28 21:53:32,700 - __main__ - INFO - Running command: cdp --profile default iam list-group-members --group-name jerz-az-env-user-group
2023-10-28 21:53:33,395 - __main__ - INFO - Running command: cdp --profile default iam list-group-members --group-name sandbox-default-se-admin
2023-10-28 21:53:34,103 - __main__ - INFO - Running command: cdp --profile default iam list-group-members --group-name tkodf-aw-env-user-group
2023-10-28 21:53:34,867 - __main__ - INFO - Running command: cdp --profile default iam list-group-members --group-name se-gc-env-user-group
2023-10-28 21:53:35,685 - __main__ - INFO - Running command: cdp --profile default iam list-group-members --group-name steffen-cdp-admin-group
2023-10-28 21:53:36,406 - __main__ - INFO - Running command: cdp --profile default iam list-group-members --group-name tsugiyama-admin-group-2
2023-10-28 21:53:37,181 - __main__ - INFO - Running command: cdp --profile default iam list-group-members --group-name pqg-tf-cdp-user-group
2023-10-28 21:53:37,983 - __main__ - INFO - Running command: cdp --profile default iam list-group-members --group-name finance
2023-10-28 21:53:39,443 - __main__ - INFO - Running command: cdp --profile default iam list-group-members --group-name jenright-kc-group
2023-10-28 21:53:40,132 - __main__ - INFO - Running command: cdp --profile default iam list-group-members --group-name vshindetestgroup
2023-10-28 21:53:40,859 - __main__ - INFO - Running command: cdp --profile default iam list-group-members --group-name bh-eners-admin
2023-10-28 21:53:41,986 - __main__ - INFO - Running command: cdp --profile default iam list-group-members --group-name env-zxm4vs
2023-10-28 21:53:42,739 - __main__ - INFO - Running command: cdp --profile default iam list-group-members --group-name test_admin
2023-10-28 21:53:43,964 - __main__ - INFO - Running command: cdp --profile default iam list-group-members --group-name jsantos-megagroup
2023-10-28 21:53:44,976 - __main__ - INFO - Running command: cdp --profile default iam list-group-members --group-name dyu-test-grp
2023-10-28 21:53:45,657 - __main__ - INFO - Running command: cdp --profile default iam list-group-members --group-name planckvrind-tf-test-cdp-admin-group
2023-10-28 21:53:46,343 - __main__ - INFO - Running command: cdp --profile default iam list-group-members --group-name aak-aw-env-user-group
2023-10-28 21:53:47,070 - __main__ - INFO - Running command: cdp --profile default iam list-group-members --group-name sandbox-default-serz-admin
2023-10-28 21:53:47,774 - __main__ - INFO - Running command: cdp --profile default iam list-group-members --group-name ah03-demo-aws-user
2023-10-28 21:53:48,468 - __main__ - INFO - Running command: cdp --profile default iam list-group-members --group-name latam_brazil
2023-10-28 21:53:49,200 - __main__ - INFO - Running command: cdp --profile default iam list-group-members --group-name cdp_demos-aws-prim
2023-10-28 21:53:49,940 - __main__ - INFO - Running command: cdp --profile default iam list-group-members --group-name pyn-def-aws-env-user
2023-10-28 21:53:50,662 - __main__ - INFO - Running command: cdp --profile default iam list-group-members --group-name cdp-sandbox-group
2023-10-28 21:53:51,392 - __main__ - INFO - Running command: cdp --profile default iam list-group-members --group-name ppot-demo-aws-user
2023-10-28 21:53:52,151 - __main__ - INFO - Running command: cdp --profile default iam list-group-members --group-name jcaseiro-cdp-user-group
2023-10-28 21:53:52,870 - __main__ - INFO - Running command: cdp --profile default iam list-group-members --group-name cdp_sandbox-default-sup-cdp-env
2023-10-28 21:53:53,617 - __main__ - INFO - Running command: cdp --profile default iam list-group-members --group-name pm-sandbox-group1
2023-10-28 21:53:54,340 - __main__ - INFO - Running command: cdp --profile default iam list-group-members --group-name support
2023-10-28 21:53:55,043 - __main__ - INFO - Running command: cdp --profile default iam list-group-members --group-name balazs-aws-pub-cdp-admin-group
2023-10-28 21:53:55,772 - __main__ - INFO - Running command: cdp --profile default iam list-group-members --group-name dvergari-test-users
2023-10-28 21:53:56,531 - __main__ - INFO - Running command: cdp --profile default iam list-group-members --group-name ome-aw-env-user-group
2023-10-28 21:53:57,282 - __main__ - INFO - Running command: cdp --profile default iam list-group-members --group-name env-d8nzzw
2023-10-28 21:53:58,031 - __main__ - INFO - Running command: cdp --profile default iam list-group-members --group-name se-dnd-aw-env-user-group
2023-10-28 21:53:58,746 - __main__ - INFO - Running command: cdp --profile default iam list-group-members --group-name pmsandboxsudo
2023-10-28 21:53:59,469 - __main__ - INFO - Running command: cdp --profile default iam list-group-members --group-name tl01-demo-aws-user
2023-10-28 21:54:00,168 - __main__ - INFO - Running command: cdp --profile default iam list-group-members --group-name env-dv8vcp
2023-10-28 21:54:00,920 - __main__ - INFO - Running command: cdp --profile default iam list-group-members --group-name hemanth_test
2023-10-28 21:54:01,629 - __main__ - INFO - Running command: cdp --profile default iam list-group-members --group-name reva-demo-aws-user
2023-10-28 21:54:02,362 - __main__ - INFO - Running command: cdp --profile default iam list-group-members --group-name balazs-aws-pub-cdp-user-group
2023-10-28 21:54:03,088 - __main__ - INFO - Running command: cdp --profile default iam list-group-members --group-name tf-v1-cdp-user-group
2023-10-28 21:54:03,854 - __main__ - INFO - Running command: cdp --profile default iam list-group-members --group-name ah01-demo-aws-user
2023-10-28 21:54:04,585 - __main__ - INFO - Running command: cdp --profile default iam list-group-members --group-name cdp_tko-cdp-env
2023-10-28 21:54:05,329 - __main__ - INFO - Running command: cdp --profile default iam list-group-members --group-name gotest_demo-aws-prim
2023-10-28 21:54:06,036 - __main__ - INFO - Running command: cdp --profile default iam list-group-members --group-name pp-rc01-aw-env-admin-group
2023-10-28 21:54:06,800 - __main__ - INFO - Running command: cdp --profile default iam list-group-members --group-name intern
2023-10-28 21:54:07,563 - __main__ - INFO - Running command: cdp --profile default iam list-group-members --group-name ons-cdp-test-cdp-user-group
2023-10-28 21:54:08,367 - __main__ - INFO - Running command: cdp --profile default iam list-group-members --group-name hiaa-aw-env-user-group
2023-10-28 21:54:09,419 - __main__ - INFO - Running command: cdp --profile default iam list-group-members --group-name jvp-cdp-user-group
2023-10-28 21:54:10,139 - __main__ - INFO - Running command: cdp --profile default iam list-group-members --group-name ztd-demo-aws-user
2023-10-28 21:54:10,865 - __main__ - INFO - Running command: cdp --profile default iam list-group-members --group-name econet-ksampson-demo
2023-10-28 21:54:11,589 - __main__ - INFO - Running command: cdp --profile default iam list-group-members --group-name msam-aw-env-admin-group
2023-10-28 21:54:12,341 - __main__ - INFO - Running command: cdp --profile default iam list-group-members --group-name sandbox-default-jeraz-admin
2023-10-28 21:54:13,102 - __main__ - INFO - Running command: cdp --profile default iam list-group-members --group-name rj-cdw-hol-access-test
2023-10-28 21:54:13,909 - __main__ - INFO - Running command: cdp --profile default iam list-group-members --group-name dvtestdeployment-cdp-user-group
2023-10-28 21:54:14,962 - __main__ - INFO - Running command: cdp --profile default iam list-group-members --group-name devgroup
2023-10-28 21:54:15,683 - __main__ - INFO - Running command: cdp --profile default iam list-group-members --group-name sesandboxsudo
2023-10-28 21:54:16,417 - __main__ - INFO - Running command: cdp --profile default iam list-group-members --group-name cdp_lje-cdp-env
2023-10-28 21:54:17,188 - __main__ - INFO - Running command: cdp --profile default iam list-group-members --group-name groupy
2023-10-28 21:54:17,876 - __main__ - INFO - Running command: cdp --profile default iam list-group-members --group-name hkworkshopusers
2023-10-28 21:54:18,619 - __main__ - INFO - Running command: cdp --profile default iam list-group-members --group-name ps-tf-private-ntp-cdp-user-group
2023-10-28 21:54:19,391 - __main__ - INFO - Running command: cdp --profile default iam list-group-members --group-name sandbox-default-rscost-admin
2023-10-28 21:54:20,111 - __main__ - INFO - Running command: cdp --profile default iam list-group-members --group-name wm01-user-sandbox-aws
2023-10-28 21:54:20,918 - __main__ - INFO - Running command: cdp --profile default iam list-group-members --group-name bhagan-cgsi-civ-sled
2023-10-28 21:54:21,675 - __main__ - INFO - Running command: cdp --profile default iam list-group-members --group-name ps-tf-private-ntp-cdp-admin-group
2023-10-28 21:54:22,452 - __main__ - INFO - Running command: cdp --profile default iam list-group-members --group-name se-indonesia
2023-10-28 21:54:23,210 - __main__ - INFO - Running command: cdp --profile default iam list-group-members --group-name pwc-admins
2023-10-28 21:54:23,947 - __main__ - INFO - Running command: cdp --profile default iam list-group-members --group-name etl
2023-10-28 21:54:24,761 - __main__ - INFO - Running command: cdp --profile default iam list-group-members --group-name ansh-tf-cdp-user-group
2023-10-28 21:54:25,542 - __main__ - INFO - Running command: cdp --profile default iam list-group-members --group-name svaxx-test-group
2023-10-28 21:54:26,262 - __main__ - INFO - Running command: cdp --profile default iam list-group-members --group-name steffen-cdp-user-group
2023-10-28 21:54:27,051 - __main__ - INFO - Running command: cdp --profile default iam list-group-members --group-name env-59lmmp
2023-10-28 21:54:27,781 - __main__ - INFO - Running command: cdp --profile default iam list-group-members --group-name sandbox-default-jetw-admin
2023-10-28 21:54:28,535 - __main__ - INFO - Running command: cdp --profile default iam list-group-members --group-name ansh-tf-cdp-admin-group
2023-10-28 21:54:29,223 - __main__ - INFO - Running command: cdp --profile default iam list-group-members --group-name ons-jtwd-cdp-user-group
2023-10-28 21:54:29,919 - __main__ - INFO - Running command: cdp --profile default iam list-group-members --group-name ons-cdp-cdp-user-group
2023-10-28 21:54:30,759 - __main__ - INFO - Running command: cdp --profile default iam list-group-members --group-name otel-aw-env-admin-group
2023-10-28 21:54:31,447 - __main__ - INFO - Running command: cdp --profile default iam list-group-members --group-name default-jttf-cdp-admin-group
2023-10-28 21:54:32,153 - __main__ - INFO - Running command: cdp --profile default iam list-group-members --group-name pwc-test
2023-10-28 21:54:32,863 - __main__ - INFO - Running command: cdp --profile default iam list-group-members --group-name default-jttf-cdp-user-group
2023-10-28 21:54:33,562 - __main__ - INFO - Running command: cdp --profile default iam list-group-members --group-name csano-test
2023-10-28 21:54:34,277 - __main__ - INFO - Running command: cdp --profile default iam list-group-members --group-name msam-aw-env-user-group
2023-10-28 21:54:35,050 - __main__ - INFO - Running command: cdp --profile default iam list-group-members --group-name sandbox-default-goes1-admin
2023-10-28 21:54:35,771 - __main__ - INFO - Running command: cdp --profile default iam list-group-members --group-name analyst
2023-10-28 21:54:36,479 - __main__ - INFO - Running command: cdp --profile default iam list-group-members --group-name dbt_admin
2023-10-28 21:54:37,186 - __main__ - INFO - Running command: cdp --profile default iam list-group-members --group-name pstmag-machine-group
2023-10-28 21:54:37,957 - __main__ - INFO - Running command: cdp --profile default iam list-users 
2023-10-28 21:54:39,481 - __main__ - INFO - Running command: cdp --profile default iam list-groups-for-user --user-id 0000a3f1-285c-4901-a9a4-a7a19068ec0b
2023-10-28 21:54:40,193 - __main__ - INFO - Running command: cdp --profile default iam list-groups-for-user --user-id 005f0b84-3803-4158-892b-45366ed9d511
2023-10-28 21:54:40,944 - __main__ - INFO - Running command: cdp --profile default iam list-groups-for-user --user-id 00ce46fd-9d06-45be-8e5f-2d4d75a5a19d
2023-10-28 21:54:41,702 - __main__ - INFO - Running command: cdp --profile default iam list-groups-for-user --user-id 00d178a0-9f90-4e4a-a635-bf23ab0f6cc8
2023-10-28 21:54:42,420 - __main__ - INFO - Running command: cdp --profile default iam list-groups-for-user --user-id 012de52e-9d72-49b4-884b-4bf9c5c54691
2023-10-28 21:54:43,253 - __main__ - INFO - Running command: cdp --profile default iam list-groups-for-user --user-id 01520b0b-c25e-467a-8541-ab272df0d31a
2023-10-28 21:54:44,034 - __main__ - INFO - Running command: cdp --profile default iam list-groups-for-user --user-id 015abb12-4968-4e39-be9e-e5525cb5f47d
2023-10-28 21:54:45,415 - __main__ - INFO - Running command: cdp --profile default iam list-groups-for-user --user-id 019ca1fb-4d26-426f-91ca-3b14757b8ccf
2023-10-28 21:54:46,137 - __main__ - INFO - Running command: cdp --profile default iam list-groups-for-user --user-id 01ed904a-b740-4157-b063-a7ab9d3aaa36
2023-10-28 21:54:46,873 - __main__ - INFO - Running command: cdp --profile default iam list-groups-for-user --user-id 01f0e4bf-77e1-4f9a-bc00-892ad1e3a419
2023-10-28 21:54:47,657 - __main__ - INFO - Running command: cdp --profile default iam list-groups-for-user --user-id 020228ed-697e-42a3-b4aa-ddaf64352e9f
2023-10-28 21:54:48,518 - __main__ - INFO - Running command: cdp --profile default iam list-groups-for-user --user-id 020b7dad-5786-45db-aaef-107f7c98b224
2023-10-28 21:54:49,264 - __main__ - INFO - Running command: cdp --profile default iam list-groups-for-user --user-id 0235e9fc-f869-4154-a220-acf0df28180b
2023-10-28 21:54:49,997 - __main__ - INFO - Running command: cdp --profile default iam list-groups-for-user --user-id 0299eac6-0c00-4e47-94b8-a8fb3b7c21ec
2023-10-28 21:54:50,793 - __main__ - INFO - Running command: cdp --profile default iam list-groups-for-user --user-id 032b92ca-8cfe-48e9-a287-48873627ec18
2023-10-28 21:54:51,583 - __main__ - INFO - Running command: cdp --profile default iam list-groups-for-user --user-id 03653819-4842-4af3-9d32-18478ff01fbd
2023-10-28 21:54:52,321 - __main__ - INFO - Running command: cdp --profile default iam list-groups-for-user --user-id 0387a10b-dfa8-4687-982f-388b96522b1f
2023-10-28 21:54:53,102 - __main__ - INFO - Running command: cdp --profile default iam list-groups-for-user --user-id 03c4356b-9a70-4dc5-902a-696044ca51b1
2023-10-28 21:54:53,828 - __main__ - INFO - Running command: cdp --profile default iam list-groups-for-user --user-id 03c85225-08af-40c6-a960-09eb6ac15c5f
2023-10-28 21:54:54,563 - __main__ - INFO - Running command: cdp --profile default iam list-groups-for-user --user-id 03e9dd99-58bd-4ffa-a36f-0be7569d12fb
2023-10-28 21:54:55,296 - __main__ - INFO - Running command: cdp --profile default iam list-groups-for-user --user-id 040d36f0-0547-4055-8641-6fa6d654e8cc
2023-10-28 21:54:56,033 - __main__ - INFO - Running command: cdp --profile default iam list-groups-for-user --user-id 041a2e55-5540-42d5-a9ab-929fd88782ba
2023-10-28 21:54:56,767 - __main__ - INFO - Running command: cdp --profile default iam list-groups-for-user --user-id 04201db2-ea99-4c60-9a08-2a398a153f27
2023-10-28 21:54:57,501 - __main__ - INFO - Running command: cdp --profile default iam list-groups-for-user --user-id 043a8a9b-518f-4f50-80c9-1e45bb30dc58
2023-10-28 21:54:58,363 - __main__ - INFO - Running command: cdp --profile default iam list-groups-for-user --user-id 0462963a-53c3-4586-abef-2fe7de1b77b3
2023-10-28 21:54:59,140 - __main__ - INFO - Running command: cdp --profile default iam list-groups-for-user --user-id 04a4dcb6-e3e4-4eb1-8530-81606952e5e1
2023-10-28 21:54:59,893 - __main__ - INFO - Running command: cdp --profile default iam list-groups-for-user --user-id 04bb4b98-4853-40f9-b8d3-8acf416ebc21
2023-10-28 21:55:00,689 - __main__ - INFO - Running command: cdp --profile default iam list-groups-for-user --user-id 04d5f660-f973-47e2-a9ee-a2744c4fc4df
2023-10-28 21:55:01,417 - __main__ - INFO - Running command: cdp --profile default iam list-groups-for-user --user-id 04dde7dc-fc50-490f-ba23-65f5b5f1e8a5
2023-10-28 21:55:02,117 - __main__ - INFO - Running command: cdp --profile default iam list-groups-for-user --user-id 050846ce-1e04-408a-8dc5-79c0dfb26959
2023-10-28 21:55:02,917 - __main__ - INFO - Running command: cdp --profile default iam list-groups-for-user --user-id 058a0e79-79ae-47db-aa32-52e97b74f73a
2023-10-28 21:55:03,655 - __main__ - INFO - Running command: cdp --profile default iam list-groups-for-user --user-id 05a81f65-6234-4b48-b5b6-0f850def4238
2023-10-28 21:55:04,400 - __main__ - INFO - Running command: cdp --profile default iam list-groups-for-user --user-id 06093704-70a3-4e52-bae6-5cd3f1a2cf64
2023-10-28 21:55:05,119 - __main__ - INFO - Running command: cdp --profile default iam list-groups-for-user --user-id 064a4704-105c-4655-ab2e-5a7e7b612103
2023-10-28 21:55:05,852 - __main__ - INFO - Running command: cdp --profile default iam list-groups-for-user --user-id 069e52f1-a99e-46c5-9129-f1771f553981
2023-10-28 21:55:06,583 - __main__ - INFO - Running command: cdp --profile default iam list-groups-for-user --user-id 06c8d402-e0fc-41c6-8513-e38d188e006a
2023-10-28 21:55:07,353 - __main__ - INFO - Running command: cdp --profile default iam list-groups-for-user --user-id 07876f6f-50e8-4d5d-b797-61ae7774bf3d
2023-10-28 21:55:08,107 - __main__ - INFO - Running command: cdp --profile default iam list-groups-for-user --user-id 0787f999-f11e-4441-87ae-2cc57431f360
2023-10-28 21:55:10,145 - __main__ - INFO - Running command: cdp --profile default iam list-groups-for-user --user-id 078ef96e-54ab-4346-a156-c16e221d3573
2023-10-28 21:55:10,875 - __main__ - INFO - Running command: cdp --profile default iam list-groups-for-user --user-id 07fb099b-eef5-4c70-9ddf-0e4f3cd102d7
2023-10-28 21:55:11,617 - __main__ - INFO - Running command: cdp --profile default iam list-groups-for-user --user-id 080171af-4909-4c6c-90eb-c599af9d330f
2023-10-28 21:55:12,339 - __main__ - INFO - Running command: cdp --profile default iam list-groups-for-user --user-id 08099ea6-29f7-4eb1-a57b-28e059e43581
2023-10-28 21:55:13,082 - __main__ - INFO - Running command: cdp --profile default iam list-groups-for-user --user-id 08115388-3c7b-4e96-accd-6be6e57345d4
2023-10-28 21:55:13,828 - __main__ - INFO - Running command: cdp --profile default iam list-groups-for-user --user-id 08546bf1-a96e-49d2-ae30-24ae81636f4a
2023-10-28 21:55:15,175 - __main__ - INFO - Running command: cdp --profile default iam list-groups-for-user --user-id 08d5e282-eb8d-4a56-bd45-3d48ae6ccb1d
2023-10-28 21:55:15,945 - __main__ - INFO - Running command: cdp --profile default iam list-groups-for-user --user-id 0950df10-0ab3-4437-bf85-4afd9f03b962
2023-10-28 21:55:16,656 - __main__ - INFO - Running command: cdp --profile default iam list-groups-for-user --user-id 095a520c-91bb-486e-a28a-fca3396ad739
2023-10-28 21:55:17,425 - __main__ - INFO - Running command: cdp --profile default iam list-groups-for-user --user-id 095b4e7b-90ae-4f5a-aa3d-c8ff1606cae8
2023-10-28 21:55:18,171 - __main__ - INFO - Running command: cdp --profile default iam list-groups-for-user --user-id 096d2892-b64a-4002-93cf-0eaf3c56dde5
2023-10-28 21:55:18,895 - __main__ - INFO - Running command: cdp --profile default iam list-groups-for-user --user-id 097f6309-aa46-4c36-985b-3210e60517eb
2023-10-28 21:55:19,625 - __main__ - INFO - Running command: cdp --profile default iam list-groups-for-user --user-id 09c4dc3f-2c15-4bb4-8967-10c79b6f5e3e
2023-10-28 21:55:20,406 - __main__ - INFO - Running command: cdp --profile default iam list-groups-for-user --user-id 09e90f90-8e31-4cb7-b0af-f4ad43820536
2023-10-28 21:55:21,142 - __main__ - INFO - Running command: cdp --profile default iam list-groups-for-user --user-id 09ebcec1-eef3-48b4-b127-518c41d96b38
2023-10-28 21:55:21,868 - __main__ - INFO - Running command: cdp --profile default iam list-groups-for-user --user-id 09f7ad00-35cf-485c-8d5e-22ce13f94b7f
2023-10-28 21:55:23,009 - __main__ - INFO - Running command: cdp --profile default iam list-groups-for-user --user-id 0a488843-6f63-4814-a875-af9a73d18a8a
2023-10-28 21:55:23,761 - __main__ - INFO - Running command: cdp --profile default iam list-groups-for-user --user-id 0ac66fa1-be2f-4c0f-90b7-0fa5361b9ea9
2023-10-28 21:55:24,509 - __main__ - INFO - Running command: cdp --profile default iam list-groups-for-user --user-id 0ac8d3c9-32f7-42ff-bfc7-fa42ed6be51c
2023-10-28 21:55:25,282 - __main__ - INFO - Running command: cdp --profile default iam list-groups-for-user --user-id 0acdfc42-8c70-4529-8a27-ef813124814b
2023-10-28 21:55:26,020 - __main__ - INFO - Running command: cdp --profile default iam list-groups-for-user --user-id 0ad66d21-fc15-4dc8-8fa9-705a7dda3ce9
2023-10-28 21:55:26,823 - __main__ - INFO - Running command: cdp --profile default iam list-groups-for-user --user-id 0ae726ad-6a3a-4dbd-b39c-ce2289e71653
2023-10-28 21:55:27,591 - __main__ - INFO - Running command: cdp --profile default iam list-groups-for-user --user-id 0aee9b0d-60f6-40b8-8cc5-9890cfdeb679
2023-10-28 21:55:28,330 - __main__ - INFO - Running command: cdp --profile default iam list-groups-for-user --user-id 0b0b4580-8c31-4bb6-8dd6-25ebb1eef335
2023-10-28 21:55:29,386 - __main__ - INFO - Running command: cdp --profile default iam list-groups-for-user --user-id 0b8862cf-530b-4191-93e2-a20c12b3fbce
2023-10-28 21:55:30,204 - __main__ - INFO - Running command: cdp --profile default iam list-groups-for-user --user-id 0b99eaeb-5f4b-40a4-91bc-67b2f42bc773
2023-10-28 21:55:30,940 - __main__ - INFO - Running command: cdp --profile default iam list-groups-for-user --user-id 0bc944bf-1fc6-422d-8ba8-cc38df341277
2023-10-28 21:55:31,686 - __main__ - INFO - Running command: cdp --profile default iam list-groups-for-user --user-id 0bcdcd4b-b2f8-4543-a4ac-59e7eff067aa
2023-10-28 21:55:32,418 - __main__ - INFO - Running command: cdp --profile default iam list-groups-for-user --user-id 0bd42c2f-77e7-444f-ab2f-d02650008e95
2023-10-28 21:55:33,148 - __main__ - INFO - Running command: cdp --profile default iam list-groups-for-user --user-id 0c3b21cd-4b29-484d-8c2e-54788c466af2
2023-10-28 21:55:33,867 - __main__ - INFO - Running command: cdp --profile default iam list-groups-for-user --user-id 0c4a2745-87fb-4aa0-8cdc-77ac7b6dbf4a
2023-10-28 21:55:34,584 - __main__ - INFO - Running command: cdp --profile default iam list-groups-for-user --user-id 0cc19287-d0bf-4b37-ae0a-0bd995a318f4
2023-10-28 21:55:35,303 - __main__ - INFO - Running command: cdp --profile default iam list-groups-for-user --user-id 0d239af0-44d7-4047-9a69-dbb62350ac27
2023-10-28 21:55:36,065 - __main__ - INFO - Running command: cdp --profile default iam list-groups-for-user --user-id 0d241611-5002-4aeb-b500-6b06d7e1a005
2023-10-28 21:55:36,797 - __main__ - INFO - Running command: cdp --profile default iam list-groups-for-user --user-id 0d60d536-1d9f-4b74-9e40-ca44af389ed6
2023-10-28 21:55:37,535 - __main__ - INFO - Running command: cdp --profile default iam list-groups-for-user --user-id 0d71f211-4c55-4e95-9767-ba253db36e1e
2023-10-28 21:55:38,308 - __main__ - INFO - Running command: cdp --profile default iam list-groups-for-user --user-id 0e05ec1d-5413-4d3d-9a7f-9d261db23557
2023-10-28 21:55:39,805 - __main__ - INFO - Running command: cdp --profile default iam list-groups-for-user --user-id 0e322cda-2f96-4ad9-9ace-9bd40bdb7232
2023-10-28 21:55:40,521 - __main__ - INFO - Running command: cdp --profile default iam list-groups-for-user --user-id 0f313cda-91f0-4ca2-9262-f6732cead135
2023-10-28 21:55:41,238 - __main__ - INFO - Running command: cdp --profile default iam list-groups-for-user --user-id 0f43853e-3c38-4929-8692-9c2030cfca4b
2023-10-28 21:55:42,035 - __main__ - INFO - Running command: cdp --profile default iam list-groups-for-user --user-id 0f46ba33-46b2-4d12-9f10-7b4f6e2f99ee
2023-10-28 21:55:42,793 - __main__ - INFO - Running command: cdp --profile default iam list-groups-for-user --user-id 0f51203c-4f0a-4b5f-a7d0-b76ba3bacac8
2023-10-28 21:55:43,466 - __main__ - INFO - Running command: cdp --profile default iam list-groups-for-user --user-id 0f90e5f2-8471-4eba-ab99-0662f34fef2b
2023-10-28 21:55:44,389 - __main__ - INFO - Running command: cdp --profile default iam list-groups-for-user --user-id 1030f4d8-d3a4-4d09-a3da-038300b7d61f
2023-10-28 21:55:45,628 - __main__ - INFO - Running command: cdp --profile default iam list-groups-for-user --user-id 105c305a-dfd4-48cd-a615-add17805c2c7
2023-10-28 21:55:46,415 - __main__ - INFO - Running command: cdp --profile default iam list-groups-for-user --user-id 105f99ba-d2fe-4d1a-9246-1f01ad543e25
2023-10-28 21:55:47,184 - __main__ - INFO - Running command: cdp --profile default iam list-groups-for-user --user-id 107d2870-d63e-493b-9f63-5cffee794d12
2023-10-28 21:55:47,912 - __main__ - INFO - Running command: cdp --profile default iam list-groups-for-user --user-id 10857f78-2947-450a-953d-d0b47bc033e8
2023-10-28 21:55:48,696 - __main__ - INFO - Running command: cdp --profile default iam list-groups-for-user --user-id 10938bb0-4186-4fa0-baf6-f142029b4017
2023-10-28 21:55:49,430 - __main__ - INFO - Running command: cdp --profile default iam list-groups-for-user --user-id 10a3104e-5982-4b3b-bb8c-3135a0073219
2023-10-28 21:55:50,153 - __main__ - INFO - Running command: cdp --profile default iam list-groups-for-user --user-id 10a8ea6a-d52c-4ccf-b415-67962216a6a1
2023-10-28 21:55:50,905 - __main__ - INFO - Running command: cdp --profile default iam list-groups-for-user --user-id 10f09962-5ec6-4c22-93be-43314ef1cd4e
2023-10-28 21:55:51,650 - __main__ - INFO - Running command: cdp --profile default iam list-groups-for-user --user-id 11000507-982d-4b4b-8f79-431121a9f721
2023-10-28 21:55:52,350 - __main__ - INFO - Running command: cdp --profile default iam list-groups-for-user --user-id 1112a4d5-2f45-4d8c-9c6e-01b33622f7c6
2023-10-28 21:55:53,067 - __main__ - INFO - Running command: cdp --profile default iam list-groups-for-user --user-id 11d150bd-5b00-41d2-8d71-b0f43fb43676
2023-10-28 21:55:53,799 - __main__ - INFO - Running command: cdp --profile default iam list-groups-for-user --user-id 11d25580-5c57-498d-a631-d224350297c1
2023-10-28 21:55:54,530 - __main__ - INFO - Running command: cdp --profile default iam list-groups-for-user --user-id 11e56b5e-90d4-4020-83ce-28d641daa88d
2023-10-28 21:55:55,288 - __main__ - INFO - Running command: cdp --profile default iam list-groups-for-user --user-id 1261709a-7454-42a9-8a8c-6c80b0a2e9d6
2023-10-28 21:55:56,128 - __main__ - INFO - Running command: cdp --profile default iam list-groups-for-user --user-id 1283a0f6-2985-4e12-99fc-6e32f053f437
2023-10-28 21:55:56,857 - __main__ - INFO - Running command: cdp --profile default iam list-groups-for-user --user-id 1299584d-afbf-4197-8e1d-2f97f1194f5e
2023-10-28 21:55:57,572 - __main__ - INFO - Running command: cdp --profile default iam list-groups-for-user --user-id 129ed92d-7b27-4c39-a42f-862a9d45d365
2023-10-28 21:55:58,392 - __main__ - INFO - Running command: cdp --profile default iam list-groups-for-user --user-id 12a8a4fe-e36d-49ca-b4f8-69535771a3d1
2023-10-28 21:55:59,121 - __main__ - INFO - Running command: cdp --profile default iam list-machine-users 
2023-10-28 21:56:00,412 - __main__ - INFO - Running command: cdp --profile default iam list-groups-for-machine-user --machine-user-name cml_env_machine_user_7e27bdff-ef75-4a61-924e-a6f454636ddc
2023-10-28 21:56:01,197 - __main__ - INFO - Running command: cdp --profile default iam list-groups-for-machine-user --machine-user-name cml_env_machine_user_a9e9a670-c67f-48e7-8e04-56c325273b57
2023-10-28 21:56:01,948 - __main__ - INFO - Running command: cdp --profile default iam list-groups-for-machine-user --machine-user-name mkohs-machine
2023-10-28 21:56:02,736 - __main__ - INFO - Running command: cdp --profile default iam list-groups-for-machine-user --machine-user-name se-workshop-test1
2023-10-28 21:56:03,494 - __main__ - INFO - Running command: cdp --profile default iam list-groups-for-machine-user --machine-user-name hrongali-mu-1
2023-10-28 21:56:04,241 - __main__ - INFO - Running command: cdp --profile default iam list-groups-for-machine-user --machine-user-name datahub-fluent-databus-uploader-f88e647f-a516-4ca6-95ab-95d5eff8d18f
2023-10-28 21:56:05,002 - __main__ - INFO - Running command: cdp --profile default iam list-groups-for-machine-user --machine-user-name cml_env_machine_user_ae332258-2dd6-4742-8dba-0cac02193997
2023-10-28 21:56:05,736 - __main__ - INFO - Running command: cdp --profile default iam list-groups-for-machine-user --machine-user-name mu-cde-1
2023-10-28 21:56:06,500 - __main__ - INFO - Running command: cdp --profile default iam list-groups-for-machine-user --machine-user-name cml_env_machine_user_0e55327f-4da2-4571-bec0-cc645749b6bd
2023-10-28 21:56:07,291 - __main__ - INFO - Running command: cdp --profile default iam list-groups-for-machine-user --machine-user-name cml_env_machine_user_56f64655-b3fd-4a14-adf2-abeb302c208b
2023-10-28 21:56:08,119 - __main__ - INFO - Running command: cdp --profile default iam list-groups-for-machine-user --machine-user-name frisch-cdp-opdb
2023-10-28 21:56:08,846 - __main__ - INFO - Running command: cdp --profile default iam list-groups-for-machine-user --machine-user-name cml_env_machine_user_76c79ab8-e08f-4f04-80c9-e6c56c7deee7
2023-10-28 21:56:10,165 - __main__ - INFO - Running command: cdp --profile default iam list-groups-for-machine-user --machine-user-name cml_env_machine_user_70393e9a-029b-4e2e-92b4-8de4180d5651
2023-10-28 21:56:10,885 - __main__ - INFO - Running command: cdp --profile default iam list-groups-for-machine-user --machine-user-name jelser-opdb-opdb
2023-10-28 21:56:11,656 - __main__ - INFO - Running command: cdp --profile default iam list-groups-for-machine-user --machine-user-name pmraz
2023-10-28 21:56:12,470 - __main__ - INFO - Running command: cdp --profile default iam list-groups-for-machine-user --machine-user-name nifi-iot-insert
2023-10-28 21:56:13,257 - __main__ - INFO - Running command: cdp --profile default iam list-groups-for-machine-user --machine-user-name cml_env_machine_user_b1cb28a1-b971-43e3-ab32-f06091d1ef9f
2023-10-28 21:56:13,992 - __main__ - INFO - Running command: cdp --profile default iam list-groups-for-machine-user --machine-user-name machineTest
2023-10-28 21:56:15,447 - __main__ - INFO - Running command: cdp --profile default iam list-groups-for-machine-user --machine-user-name cml_env_machine_user_3d820680-9210-4001-8eb7-243f8ccb9a78
2023-10-28 21:56:16,198 - __main__ - INFO - Running command: cdp --profile default iam list-groups-for-machine-user --machine-user-name sandbox-azure-sup-cdp-env-opdb
2023-10-28 21:56:17,039 - __main__ - INFO - Running command: cdp --profile default iam list-groups-for-machine-user --machine-user-name esw-machine-user
2023-10-28 21:56:17,867 - __main__ - INFO - Running command: cdp --profile default iam list-groups-for-machine-user --machine-user-name cml_env_machine_user_93bc859a-9509-48e8-9e26-cd2f55167196
2023-10-28 21:56:18,605 - __main__ - INFO - Running command: cdp --profile default iam list-groups-for-machine-user --machine-user-name cml_env_machine_user_90180992-114f-43a4-a3ee-a0fb8d9e5392
2023-10-28 21:56:19,341 - __main__ - INFO - Running command: cdp --profile default iam list-groups-for-machine-user --machine-user-name machine_env-wz6hfh_storage_role
2023-10-28 21:56:20,170 - __main__ - INFO - Running command: cdp --profile default iam list-groups-for-machine-user --machine-user-name mwieslab-mu
2023-10-28 21:56:20,959 - __main__ - INFO - Running command: cdp --profile default iam list-groups-for-machine-user --machine-user-name cny-aw-prd-env-opdb
2023-10-28 21:56:21,681 - __main__ - INFO - Running command: cdp --profile default iam list-groups-for-machine-user --machine-user-name cml_env_machine_user_042590c0-2dc7-4e79-96c6-6f6960bf6447
2023-10-28 21:56:22,445 - __main__ - INFO - Running command: cdp --profile default iam list-groups-for-machine-user --machine-user-name cml_env_machine_user_b4575d5b-a631-42ec-918d-6a6604ffc005
2023-10-28 21:56:23,211 - __main__ - INFO - Running command: cdp --profile default iam list-groups-for-machine-user --machine-user-name cml_env_machine_user_96984e78-487a-41e3-b5c2-3e9624a7f048
2023-10-28 21:56:23,988 - __main__ - INFO - Running command: cdp --profile default iam list-groups-for-machine-user --machine-user-name cduby_srm
2023-10-28 21:56:24,738 - __main__ - INFO - Running command: cdp --profile default iam list-groups-for-machine-user --machine-user-name cml_env_machine_user_ed2ca73e-5bbc-4418-8407-d69c44df9838
2023-10-28 21:56:25,511 - __main__ - INFO - Running command: cdp --profile default iam list-groups-for-machine-user --machine-user-name cml_env_machine_user_ac0baf75-2ecd-4526-9e99-81a2bed681d6
2023-10-28 21:56:26,378 - __main__ - INFO - Running command: cdp --profile default iam list-groups-for-machine-user --machine-user-name cml_env_machine_user_683012e8-d18a-40f9-aec2-0e718feb41ce
2023-10-28 21:56:27,223 - __main__ - INFO - Running command: cdp --profile default iam list-groups-for-machine-user --machine-user-name cml_env_machine_user_abc5a9ad-ed1f-4500-bfa0-8547776da432
2023-10-28 21:56:28,039 - __main__ - INFO - Running command: cdp --profile default iam list-groups-for-machine-user --machine-user-name hiaa_cdf_runner
2023-10-28 21:56:28,790 - __main__ - INFO - Running command: cdp --profile default iam list-groups-for-machine-user --machine-user-name datahub-fluent-databus-uploader-961d1249-cc82-40c3-bf48-96e25a8d6cec
2023-10-28 21:56:29,622 - __main__ - INFO - Running command: cdp --profile default iam list-groups-for-machine-user --machine-user-name cml_env_machine_user_3d239ee0-0201-4721-ab37-0c5f9bab0465
2023-10-28 21:56:30,406 - __main__ - INFO - Running command: cdp --profile default iam list-groups-for-machine-user --machine-user-name datahub-fluent-databus-uploader-d76e3a1a-3873-4319-94c0-9e4391eeca7a
2023-10-28 21:56:31,140 - __main__ - INFO - Running command: cdp --profile default iam list-groups-for-machine-user --machine-user-name se-sandbox-0206-0600-opdb
2023-10-28 21:56:31,850 - __main__ - INFO - Running command: cdp --profile default iam list-groups-for-machine-user --machine-user-name cml_env_machine_user_d2e37e44-74ee-489f-83db-4aa087f297db
2023-10-28 21:56:32,591 - __main__ - INFO - Running command: cdp --profile default iam list-groups-for-machine-user --machine-user-name cml_env_machine_user_2c8413de-5f42-401c-a149-dcd57577b1d6
2023-10-28 21:56:33,368 - __main__ - INFO - Running command: cdp --profile default iam list-groups-for-machine-user --machine-user-name cml_env_machine_user_d84575ad-c3d5-4bca-9840-7d2cade4b443
2023-10-28 21:56:34,086 - __main__ - INFO - Running command: cdp --profile default iam list-groups-for-machine-user --machine-user-name cml_env_machine_user_d2cf4968-328d-43ca-bf9f-86d46faf1ea1
2023-10-28 21:56:34,779 - __main__ - INFO - Running command: cdp --profile default iam list-groups-for-machine-user --machine-user-name cml_env_machine_user_d272ccc1-9e49-436a-a48b-510cc97c49f3
2023-10-28 21:56:35,493 - __main__ - INFO - Running command: cdp --profile default iam list-groups-for-machine-user --machine-user-name vett_dfx_hdfs_service
2023-10-28 21:56:36,197 - __main__ - INFO - Running command: cdp --profile default iam list-groups-for-machine-user --machine-user-name cduby_kafka_client
2023-10-28 21:56:36,952 - __main__ - INFO - Running command: cdp --profile default iam list-groups-for-machine-user --machine-user-name cml_env_machine_user_b7e78996-fe41-41c3-808d-30950380d263
2023-10-28 21:56:37,667 - __main__ - INFO - Running command: cdp --profile default iam list-groups-for-machine-user --machine-user-name dkc9-aw-env-opdb
2023-10-28 21:56:38,423 - __main__ - INFO - Running command: cdp --profile default iam list-groups-for-machine-user --machine-user-name cml_env_machine_user_659ed38f-4d1b-45cc-8ccc-01dcafbc5d2b
2023-10-28 21:56:39,142 - __main__ - INFO - Running command: cdp --profile default iam list-groups-for-machine-user --machine-user-name cml_env_machine_user_47380053-d1d7-40d3-8f70-e4e23c998227
2023-10-28 21:56:40,502 - __main__ - INFO - Running command: cdp --profile default iam list-groups-for-machine-user --machine-user-name cml_env_machine_user_4f4fd31f-6dca-4fe9-8ae2-31dc83c14c41
2023-10-28 21:56:41,589 - __main__ - INFO - Running command: cdp --profile default iam list-groups-for-machine-user --machine-user-name fajar-cdp-opdb
2023-10-28 21:56:42,451 - __main__ - INFO - Running command: cdp --profile default iam list-groups-for-machine-user --machine-user-name cml_env_machine_user_ee041a8b-5469-4a0a-89e6-352479a0c13c
2023-10-28 21:56:43,172 - __main__ - INFO - Running command: cdp --profile default iam list-groups-for-machine-user --machine-user-name joel_demo_security
2023-10-28 21:56:43,986 - __main__ - INFO - Running command: cdp --profile default iam list-groups-for-machine-user --machine-user-name cml_env_machine_user_934479ea-b333-452b-bf72-0bdc451acc91
2023-10-28 21:56:45,412 - __main__ - INFO - Running command: cdp --profile default iam list-groups-for-machine-user --machine-user-name datahub-fluent-databus-uploader-e9cf9e85-1137-4a66-97f0-bd2d139e3a17
2023-10-28 21:56:46,205 - __main__ - INFO - Running command: cdp --profile default iam list-groups-for-machine-user --machine-user-name cml_env_machine_user_b41302b9-16b4-4063-a0ad-fb733a27f820
2023-10-28 21:56:46,961 - __main__ - INFO - Running command: cdp --profile default iam list-groups-for-machine-user --machine-user-name cml_env_machine_user_3b87b3c4-0c0a-4586-bec6-f897e90479f4
2023-10-28 21:56:47,683 - __main__ - INFO - Running command: cdp --profile default iam list-groups-for-machine-user --machine-user-name cml_env_machine_user_e798dd44-f12e-46c5-8277-3f1b18152eb2
2023-10-28 21:56:48,465 - __main__ - INFO - Running command: cdp --profile default iam list-groups-for-machine-user --machine-user-name rba_test
2023-10-28 21:56:49,177 - __main__ - INFO - Running command: cdp --profile default iam list-groups-for-machine-user --machine-user-name dbeech_test2
2023-10-28 21:56:49,898 - __main__ - INFO - Running command: cdp --profile default iam list-groups-for-machine-user --machine-user-name mklein-srm
2023-10-28 21:56:50,668 - __main__ - INFO - Running command: cdp --profile default iam list-groups-for-machine-user --machine-user-name cml_env_machine_user_0b5a2119-9270-4bce-8a0b-63ae8652abf9
2023-10-28 21:56:51,384 - __main__ - INFO - Running command: cdp --profile default iam list-groups-for-machine-user --machine-user-name msm-oclc-opdb
2023-10-28 21:56:52,115 - __main__ - INFO - Running command: cdp --profile default iam list-groups-for-machine-user --machine-user-name cml_env_machine_user_d48df1c2-dbbd-439b-8b3c-15d07e56ebeb
2023-10-28 21:56:52,847 - __main__ - INFO - Running command: cdp --profile default iam list-groups-for-machine-user --machine-user-name cml_env_machine_user_a9358f63-edbb-4113-bcce-3b3e87d8b325
2023-10-28 21:56:53,556 - __main__ - INFO - Running command: cdp --profile default iam list-groups-for-machine-user --machine-user-name cml_env_machine_user_4fa020fe-cc63-4620-8fac-6542222d4afd
2023-10-28 21:56:54,255 - __main__ - INFO - Running command: cdp --profile default iam list-groups-for-machine-user --machine-user-name cml_env_machine_user_07c8110f-9af3-4e58-bf79-1e446e22ff74
2023-10-28 21:56:55,003 - __main__ - INFO - Running command: cdp --profile default iam list-groups-for-machine-user --machine-user-name cml_env_machine_user_a1294dd7-781c-4b64-9e4d-00dd537207a1
2023-10-28 21:56:55,696 - __main__ - INFO - Running command: cdp --profile default iam list-groups-for-machine-user --machine-user-name ldl_test
2023-10-28 21:56:56,413 - __main__ - INFO - Running command: cdp --profile default iam list-groups-for-machine-user --machine-user-name dfsi-nifi-kafka-ingest
2023-10-28 21:56:57,145 - __main__ - INFO - Running command: cdp --profile default iam list-groups-for-machine-user --machine-user-name cml_env_machine_user_9e4da01d-bd9d-4f17-baca-5dbecebe1616
2023-10-28 21:56:57,875 - __main__ - INFO - Running command: cdp --profile default iam list-groups-for-machine-user --machine-user-name cml_env_machine_user_1d562c4b-e9c3-4ffb-864a-33d06c2764a2
2023-10-28 21:56:58,548 - __main__ - INFO - Running command: cdp --profile default iam list-groups-for-machine-user --machine-user-name cml_env_machine_user_e2f022de-610a-4b74-88f5-f6c8a56f5e63
2023-10-28 21:56:59,316 - __main__ - INFO - Running command: cdp --profile default iam list-groups-for-machine-user --machine-user-name cml_env_machine_user_b9d9ab75-ed66-4b10-bd77-2caa387cd95f
2023-10-28 21:57:00,081 - __main__ - INFO - Running command: cdp --profile default iam list-groups-for-machine-user --machine-user-name cml_env_machine_user_6fe3faf4-ab95-4f3b-83df-0acd7cd8e17e
2023-10-28 21:57:00,793 - __main__ - INFO - Running command: cdp --profile default iam list-groups-for-machine-user --machine-user-name gaig
2023-10-28 21:57:01,603 - __main__ - INFO - Running command: cdp --profile default iam list-groups-for-machine-user --machine-user-name cml_env_machine_user_20b1b982-a75b-4ca4-a524-ad7c1e809310
2023-10-28 21:57:02,306 - __main__ - INFO - Running command: cdp --profile default iam list-groups-for-machine-user --machine-user-name cml_env_machine_user_bf475408-c684-4295-8157-cfcb195a36e7
2023-10-28 21:57:02,994 - __main__ - INFO - Running command: cdp --profile default iam list-groups-for-machine-user --machine-user-name cml_env_machine_user_fd49f15f-e083-46a5-b912-115fb5e82335
2023-10-28 21:57:03,790 - __main__ - INFO - Running command: cdp --profile default iam list-groups-for-machine-user --machine-user-name pqg-cod-user
2023-10-28 21:57:04,480 - __main__ - INFO - Running command: cdp --profile default iam list-groups-for-machine-user --machine-user-name na-cdp-env-opdb
2023-10-28 21:57:05,190 - __main__ - INFO - Running command: cdp --profile default iam list-groups-for-machine-user --machine-user-name cperro_naaf
2023-10-28 21:57:05,980 - __main__ - INFO - Running command: cdp --profile default iam list-groups-for-machine-user --machine-user-name cml_env_machine_user_f5b17fc1-39e7-4f96-8c7c-dd5117fb7e81
2023-10-28 21:57:06,668 - __main__ - INFO - Running command: cdp --profile default iam list-groups-for-machine-user --machine-user-name cml_env_machine_user_cab75b55-d15e-463f-9e43-0b58c6810d45
2023-10-28 21:57:07,384 - __main__ - INFO - Running command: cdp --profile default iam list-groups-for-machine-user --machine-user-name cml_env_machine_user_31681b43-43a3-4c95-b4c6-f4fbd4266800
2023-10-28 21:57:08,220 - __main__ - INFO - Running command: cdp --profile default iam list-groups-for-machine-user --machine-user-name cml_env_machine_user_241dd4d6-ff1b-4285-82a3-2b6f96d47bc1
2023-10-28 21:57:08,929 - __main__ - INFO - Running command: cdp --profile default iam list-groups-for-machine-user --machine-user-name cml_env_machine_user_c846a5bd-de2c-4e43-a694-49991f05a2e2
2023-10-28 21:57:09,636 - __main__ - INFO - Running command: cdp --profile default iam list-groups-for-machine-user --machine-user-name datahub-fluent-databus-uploader-883c5a09-8737-4219-a25a-f169ac60ba4c
2023-10-28 21:57:10,351 - __main__ - INFO - Running command: cdp --profile default iam list-groups-for-machine-user --machine-user-name datahub-fluent-databus-uploader-f1d5fb16-4edd-46be-9428-8b6ecf1d99c1
2023-10-28 21:57:11,649 - __main__ - INFO - Running command: cdp --profile default iam list-groups-for-machine-user --machine-user-name cml_env_machine_user_fcc1fb50-b4fd-44c7-b770-539c414586cf
2023-10-28 21:57:12,566 - __main__ - INFO - Running command: cdp --profile default iam list-groups-for-machine-user --machine-user-name datahub-fluent-databus-uploader-909ee1c8-6552-4111-b777-307b7d2d9fcb
2023-10-28 21:57:13,223 - __main__ - INFO - Running command: cdp --profile default iam list-groups-for-machine-user --machine-user-name datahub-fluent-databus-uploader-a92357e8-61b7-4621-8182-529eb40cbe25
2023-10-28 21:57:13,933 - __main__ - INFO - Running command: cdp --profile default iam list-groups-for-machine-user --machine-user-name cml_env_machine_user_3ad8df73-3c0d-4380-8e3c-6804e1086a47
2023-10-28 21:57:15,207 - __main__ - INFO - Running command: cdp --profile default iam list-groups-for-machine-user --machine-user-name cml_env_machine_user_76bbde88-727a-41e2-b570-50a063269016
2023-10-28 21:57:15,934 - __main__ - INFO - Running command: cdp --profile default iam list-groups-for-machine-user --machine-user-name datahub-fluent-databus-uploader-bdda1410-850e-4d03-b62f-e8aab7b09e6e
2023-10-28 21:57:16,882 - __main__ - INFO - Running command: cdp --profile default iam list-groups-for-machine-user --machine-user-name wdyson-nonpriv
2023-10-28 21:57:17,555 - __main__ - INFO - Running command: cdp --profile default iam list-groups-for-machine-user --machine-user-name guest_cloudera
2023-10-28 21:57:18,295 - __main__ - INFO - Running command: cdp --profile default iam list-groups-for-machine-user --machine-user-name cml_env_machine_user_11744aed-1669-4541-8c12-4745527356ca
2023-10-28 21:57:18,990 - __main__ - INFO - Running command: cdp --profile default iam list-groups-for-machine-user --machine-user-name cml_env_machine_user_6d69ddb1-94fa-4939-88bc-0cb9556503d9
2023-10-28 21:57:19,703 - __main__ - INFO - Running command: cdp --profile default iam list-roles 
2023-10-28 21:57:20,520 - __main__ - INFO - Running command: cdp --profile default environments list-audit-credentials 
2023-10-28 21:57:21,410 - __main__ - INFO - Running command: cdp --profile default environments list-proxy-configs 
2023-10-28 21:57:22,341 - __main__ - INFO - Running command: cdp --profile default environments list-environments 
2023-10-28 21:57:23,364 - __main__ - INFO - Running command: cdp --profile default environments describe-environment --environment-name snaik-cdp-poc-env
2023-10-28 21:57:24,172 - __main__ - INFO - Running command: cdp --profile default environments describe-environment --environment-name geo-914610-cdp-env
2023-10-28 21:57:24,918 - __main__ - INFO - Running command: cdp --profile default environments describe-environment --environment-name pwc-env
2023-10-28 21:57:25,779 - __main__ - INFO - Running command: cdp --profile default environments describe-environment --environment-name uaedemo-env
2023-10-28 21:57:26,643 - __main__ - INFO - Running command: cdp --profile default environments describe-environment --environment-name ps-sandbox-aws
2023-10-28 21:57:27,449 - __main__ - INFO - Running command: cdp --profile default environments describe-environment --environment-name csano-privatenw-poc2
2023-10-28 21:57:28,284 - __main__ - INFO - Running command: cdp --profile default environments describe-environment --environment-name csrenv
2023-10-28 21:57:29,049 - __main__ - INFO - Running command: cdp --profile default environments describe-environment --environment-name apac-csa-hk-dim-workshop
2023-10-28 21:57:29,921 - __main__ - INFO - Running command: cdp --profile default environments describe-environment --environment-name cs-aws-env-v1
2023-10-28 21:57:30,720 - __main__ - INFO - Running command: cdp --profile default environments describe-environment --environment-name ho2023jp-1028-aws
2023-10-28 21:57:31,607 - __main__ - INFO - Running command: cdp --profile default environments describe-environment --environment-name se-sandboxx-aws
2023-10-28 21:57:32,444 - __main__ - INFO - Running command: cdp --profile default environments describe-environment --environment-name se-sandbox-azure
2023-10-28 21:57:33,315 - __main__ - INFO - Running command: cdp --profile default environments describe-environment --environment-name pm-sandbox-aws
2023-10-28 21:57:34,176 - __main__ - INFO - Running command: cdp --profile default environments describe-environment --environment-name se-sandbox-gcp
2023-10-28 21:57:35,072 - __main__ - INFO - Running command: cdp --profile default environments describe-environment --environment-name ldgl-cdp-env
2023-10-28 21:57:36,052 - __main__ - INFO - Running command: cdp --profile default opdb list-databases --environment-name snaik-cdp-poc-env
2023-10-28 21:57:36,874 - __main__ - INFO - Running command: cdp --profile default opdb list-databases --environment-name geo-914610-cdp-env
2023-10-28 21:57:37,720 - __main__ - INFO - Running command: cdp --profile default opdb list-databases --environment-name pwc-env
2023-10-28 21:57:38,502 - __main__ - INFO - Running command: cdp --profile default opdb list-databases --environment-name uaedemo-env
2023-10-28 21:57:39,306 - __main__ - INFO - Running command: cdp --profile default opdb list-databases --environment-name ps-sandbox-aws
2023-10-28 21:57:40,042 - __main__ - INFO - Running command: cdp --profile default opdb describe-database --environment-name ps-sandbox-aws --database-name tpo-dev-codnew
2023-10-28 21:57:40,925 - __main__ - INFO - Running command: cdp --profile default opdb list-databases --environment-name csano-privatenw-poc2
2023-10-28 21:57:41,933 - __main__ - INFO - Running command: cdp --profile default opdb list-databases --environment-name csrenv
2023-10-28 21:57:42,701 - __main__ - INFO - Running command: cdp --profile default opdb list-databases --environment-name apac-csa-hk-dim-workshop
2023-10-28 21:57:43,408 - __main__ - INFO - Running command: cdp --profile default opdb list-databases --environment-name cs-aws-env-v1
2023-10-28 21:57:44,208 - __main__ - INFO - Running command: cdp --profile default opdb list-databases --environment-name ho2023jp-1028-aws
2023-10-28 21:57:45,663 - __main__ - INFO - Running command: cdp --profile default opdb list-databases --environment-name se-sandboxx-aws
2023-10-28 21:57:46,401 - __main__ - INFO - Running command: cdp --profile default opdb list-databases --environment-name se-sandbox-azure
2023-10-28 21:57:47,250 - __main__ - INFO - Running command: cdp --profile default opdb list-databases --environment-name pm-sandbox-aws
2023-10-28 21:57:48,109 - __main__ - INFO - Running command: cdp --profile default opdb list-databases --environment-name se-sandbox-gcp
2023-10-28 21:57:48,854 - __main__ - INFO - Running command: cdp --profile default opdb list-databases --environment-name ldgl-cdp-env
2023-10-28 21:57:49,606 - __main__ - INFO - Data written to cdp_cli_response.json
